18/03/2021 15:32:31 DEBUG [AWT-EventQueue-0] (Conexion.java:212) â EjecutarABM: CALL SP_CompraAlta('00000001','2021-03-18 15:32:10','3','547247','2','GUARANIES','74999.88','1','hth')
18/03/2021 15:32:32 DEBUG [AWT-EventQueue-0] (Conexion.java:212) â EjecutarABM: CALL SP_CompraDetalleAlta('2','1','36','2083.33','74999.88','null')
18/03/2021 15:32:32 ERROR [AWT-EventQueue-0] (Conexion.java:224) â Error 1093: com.mysql.cj.jdbc.exceptions.MysqlDataTruncation: Data truncation: Incorrect date value: 'null' for column 'fechavencimiento' at row 1
18/03/2021 15:42:51 DEBUG [AWT-EventQueue-0] (Conexion.java:212) â EjecutarABM: CALL SP_CompraAlta('00000001',2021-03-18 15:42:27,'3','geergeg','2','GUARANIES','74999.88','1','gegeg')
18/03/2021 15:42:51 ERROR [AWT-EventQueue-0] (Conexion.java:224) â Error 1093: java.sql.SQLSyntaxErrorException: You have an error in your SQL syntax; check the manual that corresponds to your MySQL server version for the right syntax to use near '15:42:27,'3','geergeg','2','GUARANIES','74999.88','1','gegeg')' at line 1
18/03/2021 15:42:52 DEBUG [AWT-EventQueue-0] (Conexion.java:212) â EjecutarABM: CALL SP_CompraDetalleAlta('null','1','36','2083.33','74999.88',null)
18/03/2021 15:42:52 ERROR [AWT-EventQueue-0] (Conexion.java:224) â Error 1093: java.sql.SQLException: Incorrect integer value: 'null' for column 'idcompra' at row 1
18/03/2021 15:54:24 ERROR [AWT-EventQueue-0] (Conexion.java:225) â Error 1093: java.sql.SQLSyntaxErrorException: You have an error in your SQL syntax; check the manual that corresponds to your MySQL server version for the right syntax to use near ':53:31,'3','daadad','2','GUARANIES','74999.88','1','dada')' at line 1
18/03/2021 15:54:24 ERROR [AWT-EventQueue-0] (Conexion.java:225) â Error 1093: java.sql.SQLException: Incorrect integer value: 'null' for column 'idcompra' at row 1
18/03/2021 15:57:19 DEBUG [AWT-EventQueue-0] (Conexion.java:223) â EjecutarABM: CALL SP_CompraAlta('00000001','2021-03-18 15:56:43','3','ytjtjt','2','GUARANIES','74999.88','1','jtjtj')
18/03/2021 15:57:19 ERROR [AWT-EventQueue-0] (Conexion.java:225) â Error 1093: java.sql.SQLSyntaxErrorException: Table 'mainumby.idproducto' doesn't exist
18/03/2021 16:05:08 DEBUG [AWT-EventQueue-0] (Conexion.java:223) â EjecutarABM: CALL SP_CompraAlta('00000001','2021-03-18 16:04:33','4','452542424','2','GUARANIES','74999.88','1','fhbdffnbd')
18/03/2021 16:05:08 ERROR [AWT-EventQueue-0] (Conexion.java:225) â Error 1093: com.mysql.cj.jdbc.exceptions.MysqlDataTruncation: Data truncation: Incorrect date value: '1997' for column 'fechavencimiento' at row 1
18/03/2021 16:14:37 DEBUG [AWT-EventQueue-0] (Conexion.java:223) â EjecutarABM: CALL SP_CompraAlta('00000001','2021-03-18 16:14:07','3','num facac','2','GUARANIES','74999.88','1','observacion')
18/03/2021 16:14:37 ERROR [AWT-EventQueue-0] (Conexion.java:225) â Error 1093: java.sql.SQLSyntaxErrorException: Table 'mainumby.idproducto' doesn't exist
18/03/2021 16:23:03 DEBUG [AWT-EventQueue-0] (Conexion.java:223) â EjecutarABM: CALL SP_CompraAlta('00000001','2021-03-18 16:16:34','3','15424752','2','GUARANIES','185000.13','1','observacion')
18/03/2021 16:23:03 DEBUG [AWT-EventQueue-0] (Conexion.java:223) â EjecutarABM: CALL SP_CompraDetalleAlta('6','1','36','2083.33','74999.88','2021-06-10')
18/03/2021 16:23:03 ERROR [AWT-EventQueue-0] (Conexion.java:225) â Error 1093: java.sql.SQLSyntaxErrorException: You have an error in your SQL syntax; check the manual that corresponds to your MySQL server version for the right syntax to use near ')' at line 1
18/03/2021 16:29:50 DEBUG [AWT-EventQueue-0] (Conexion.java:223) â EjecutarABM: CALL SP_CompraAlta('00000001','2021-03-18 16:29:00','3','ynytnt','2','GUARANIES','184999.68','1','')
18/03/2021 16:29:50 DEBUG [AWT-EventQueue-0] (Conexion.java:223) â EjecutarABM: CALL SP_CompraDetalleAlta('7','1','36','2083.33','74999.88','2021-07-14')
18/03/2021 16:29:50 DEBUG [AWT-EventQueue-0] (Conexion.java:223) â EjecutarABM: CALL SP_CompraDetalleAlta('7','3','60','1833.33','109999.79999999999',null)
19/03/2021 21:17:37 DEBUG [AWT-EventQueue-0] (Conexion.java:223) â EjecutarABM: CALL SP_CompraAlta('00000001','2021-03-19 21:11:45','1','','2','GUARANIES','439926.0','1','')
19/03/2021 21:17:37 ERROR [AWT-EventQueue-0] (Conexion.java:225) â Error 1093: java.sql.SQLSyntaxErrorException: You have an error in your SQL syntax; check the manual that corresponds to your MySQL server version for the right syntax to use near '2021-06-08')' at line 1
19/03/2021 21:17:38 ERROR [AWT-EventQueue-0] (Conexion.java:225) â Error 1093: java.sql.SQLSyntaxErrorException: You have an error in your SQL syntax; check the manual that corresponds to your MySQL server version for the right syntax to use near ''null)' at line 1
19/03/2021 21:20:49 DEBUG [AWT-EventQueue-0] (Conexion.java:223) â EjecutarABM: CALL SP_CompraAlta('00000001','2021-03-19 21:20:05','1','','2','GUARANIES','149999.88','1','')
19/03/2021 21:20:49 DEBUG [AWT-EventQueue-0] (Conexion.java:223) â EjecutarABM: CALL SP_CompraDetalleAlta('9','1','36','2083.33',null)
19/03/2021 21:20:49 DEBUG [AWT-EventQueue-0] (Conexion.java:223) â EjecutarABM: CALL SP_CompraDetalleAlta('9','3','25','3000.0','2021-07-12')
21/03/2021 08:40:45 ERROR [AWT-EventQueue-0] (Conexion.java:225) â Error 1093: java.sql.SQLException: Column count doesn't match value count at row 1
21/03/2021 08:40:47 ERROR [AWT-EventQueue-0] (Conexion.java:225) â Error 1093: java.sql.SQLException: Incorrect integer value: 'null' for column 'idcompra' at row 1
21/03/2021 08:40:47 ERROR [AWT-EventQueue-0] (Conexion.java:225) â Error 1093: java.sql.SQLException: Incorrect integer value: 'null' for column 'idcompra' at row 1
21/03/2021 08:43:50 DEBUG [AWT-EventQueue-0] (Conexion.java:223) â EjecutarABM: CALL SP_CompraAlta('COMPRA','00000001','2021-03-21 08:43:18','3','555555','2','GUARANIES','92664.0','1','')
21/03/2021 08:43:51 DEBUG [AWT-EventQueue-0] (Conexion.java:223) â EjecutarABM: CALL SP_CompraDetalleAlta('10','1','22','1212.0','2021-05-04')
21/03/2021 08:43:51 DEBUG [AWT-EventQueue-0] (Conexion.java:223) â EjecutarABM: CALL SP_CompraDetalleAlta('10','3','22','3000.0',null)
21/03/2021 08:45:11 DEBUG [AWT-EventQueue-0] (Conexion.java:223) â EjecutarABM: CALL SP_CompraAlta('COMPRA','00000002','2021-03-21 08:43:51','1','4343','2','GUARANIES','25400.0','1','')
21/03/2021 08:45:11 DEBUG [AWT-EventQueue-0] (Conexion.java:223) â EjecutarABM: CALL SP_CompraDetalleAlta('11','1','11','1000.0',null)
21/03/2021 08:45:11 DEBUG [AWT-EventQueue-0] (Conexion.java:223) â EjecutarABM: CALL SP_CompraDetalleAlta('11','3','12','1200.0',null)
22/03/2021 09:20:52 DEBUG [AWT-EventQueue-0] (Conexion.java:223) â EjecutarABM: CALL SP_ModuloAlta ('VENTA')
22/03/2021 09:21:02 DEBUG [AWT-EventQueue-0] (Conexion.java:223) â EjecutarABM: CALL SP_PerfilModificar('1','ADMINISTRADOR','')
22/03/2021 09:21:02 DEBUG [AWT-EventQueue-0] (Conexion.java:223) â EjecutarABM: CALL SP_PerfilModuloAlta('1','10')
22/03/2021 09:21:20 DEBUG [AWT-EventQueue-0] (Conexion.java:223) â EjecutarABM: CALL SP_PerfilModificar('1','ADMINISTRADOR','Tiene acceso a todos los modulos del sistema.')
22/03/2021 09:21:29 DEBUG [AWT-EventQueue-0] (Conexion.java:223) â EjecutarABM: CALL SP_UsuarioRolAlta ('1','40')
22/03/2021 09:21:29 DEBUG [AWT-EventQueue-0] (Conexion.java:223) â EjecutarABM: CALL SP_UsuarioRolAlta ('1','41')
22/03/2021 09:21:30 DEBUG [AWT-EventQueue-0] (Conexion.java:223) â EjecutarABM: CALL SP_UsuarioRolAlta ('1','42')
22/03/2021 09:32:11 ERROR [AWT-EventQueue-0] (Conexion.java:225) â Error 1093: java.sql.SQLSyntaxErrorException: Incorrect number of arguments for PROCEDURE mainumby.SP_CompraAlta; expected 10, got 9
22/03/2021 09:32:11 ERROR [AWT-EventQueue-0] (Conexion.java:225) â Error 1093: java.sql.SQLException: Incorrect integer value: 'null' for column 'idcompra' at row 1
22/03/2021 09:47:41 ERROR [AWT-EventQueue-0] (Conexion.java:225) â Error 1093: java.sql.SQLException: Column count doesn't match value count at row 1
22/03/2021 09:47:41 ERROR [AWT-EventQueue-0] (Conexion.java:225) â Error 1093: java.sql.SQLException: Incorrect integer value: 'null' for column 'idcompra' at row 1
22/03/2021 10:03:31 DEBUG [AWT-EventQueue-0] (Conexion.java:223) â EjecutarABM: CALL SP_CompraAlta('00000001','2021-03-21 10:03:31','3','vsd','2','GUARANIES','25000.0','1','')
22/03/2021 10:03:31 DEBUG [AWT-EventQueue-0] (Conexion.java:223) â EjecutarABM: CALL SP_CompraDetalleAlta('12','1','25','1000.0',null)
22/03/2021 14:23:10 ERROR [AWT-EventQueue-0] (Conexion.java:193) â Error 1092: java.sql.SQLSyntaxErrorException: Table 'mainumby.venta' doesn't exist
22/03/2021 14:23:15 DEBUG [AWT-EventQueue-0] (Conexion.java:200) â ObtenerRSSentencia: SELECT MAX(ven_numventa) AS numultimaventa FROM venta
25/03/2021 08:42:02 ERROR [AWT-EventQueue-0] (Conexion.java:193) â Error 1092: java.sql.SQLException: Incorrect integer value: 'null' for column 'codusuario' at row 1
25/03/2021 08:42:06 DEBUG [AWT-EventQueue-0] (Conexion.java:200) â ObtenerRSSentencia: CALL SP_UsuarioRolConsulta('null','VENTA')
05/04/2021 11:40:10 DEBUG [AWT-EventQueue-0] (Conexion.java:223) â EjecutarABM: CALL SP_ProductoModificar('3','52454242','SKOL 269ML','1','0','1','')
05/04/2021 11:46:05 DEBUG [AWT-EventQueue-0] (Conexion.java:223) â EjecutarABM: CALL SP_ProductoModificar('3','52454242','SKOL 269ML','1','0','1','')
05/04/2021 11:47:13 DEBUG [AWT-EventQueue-0] (Conexion.java:223) â EjecutarABM: CALL SP_ProductoAlta ('54422416','ITAIPAVA 269ML','1','0','1','')
05/04/2021 11:51:27 DEBUG [AWT-EventQueue-0] (Conexion.java:223) â EjecutarABM: CALL SP_ProductoAlta ('54521515','BURGUESA 269ML','1','0','1','')
05/04/2021 11:52:48 DEBUG [AWT-EventQueue-0] (Conexion.java:223) â EjecutarABM: CALL SP_ProductoModificar('5','54521515','BURGUESA 269ML','1','0','1','')
05/04/2021 13:09:26 DEBUG [AWT-EventQueue-0] (Conexion.java:223) â EjecutarABM: CALL SP_CompraAlta('00000001','2021-04-05 13:09:26','3','12345','2','GUARANIES','26000.0','1','Prueba')
05/04/2021 13:09:26 DEBUG [AWT-EventQueue-0] (Conexion.java:223) â EjecutarABM: CALL SP_CompraDetalleAlta('13','3','20','1300.0',null)
05/04/2021 13:10:37 DEBUG [AWT-EventQueue-0] (Conexion.java:223) â EjecutarABM: CALL SP_CompraAlta('00000002','2021-04-05 13:10:37','3','123455','2','GUARANIES','45000.0','1','Prueba 2')
05/04/2021 13:10:37 DEBUG [AWT-EventQueue-0] (Conexion.java:223) â EjecutarABM: CALL SP_CompraDetalleAlta('14','4','30','1500.0','2021-06-15')
19/04/2021 11:20:38 ERROR [AWT-EventQueue-0] (Conexion.java:225) â Error 1093: java.sql.SQLSyntaxErrorException: Incorrect number of arguments for PROCEDURE mainumby.SP_VentaAlta; expected 11, got 10
19/04/2021 11:20:40 ERROR [AWT-EventQueue-0] (Conexion.java:225) â Error 1093: java.sql.SQLException: Incorrect integer value: 'null' for column 'idventa' at row 1
19/04/2021 11:20:40 ERROR [AWT-EventQueue-0] (Conexion.java:225) â Error 1093: java.sql.SQLException: Incorrect integer value: 'null' for column 'idventa' at row 1
19/04/2021 11:24:36 DEBUG [AWT-EventQueue-0] (Conexion.java:223) â EjecutarABM: CALL SP_VentaAlta('00000001','2021-04-19 11:24:35','1','1','2','48181','Guaranies','100000.0','100000.0','1','prueba')
19/04/2021 11:24:36 ERROR [AWT-EventQueue-0] (Conexion.java:225) â Error 1093: java.sql.SQLSyntaxErrorException: Unknown column 'producto' in 'where clause'
19/04/2021 11:24:36 ERROR [AWT-EventQueue-0] (Conexion.java:225) â Error 1093: java.sql.SQLSyntaxErrorException: Unknown column 'producto' in 'where clause'
19/04/2021 11:35:30 DEBUG [AWT-EventQueue-0] (Conexion.java:223) â EjecutarABM: CALL SP_VentaAlta('00000001','2021-04-19 11:35:29','1','1','2','4154599','Guaranies','50000.0','24000.0','1','prueba')
19/04/2021 11:35:30 DEBUG [AWT-EventQueue-0] (Conexion.java:223) â EjecutarABM: CALL SP_VentaDetalleAlta('15','4','4','1500.0','0.0','14000.0')
19/04/2021 11:35:31 DEBUG [AWT-EventQueue-0] (Conexion.java:223) â EjecutarABM: CALL SP_VentaDetalleAlta('15','3','3','1300.0','5000.0','15000.0')
19/04/2021 15:24:08 DEBUG [AWT-EventQueue-0] (Conexion.java:223) â EjecutarABM: CALL SP_ModuloAlta ('CLIENTE')
19/04/2021 15:25:34 DEBUG [AWT-EventQueue-0] (Conexion.java:223) â EjecutarABM: CALL SP_ModuloAlta ('DEUDA')
19/04/2021 15:27:09 DEBUG [AWT-EventQueue-0] (Conexion.java:223) â EjecutarABM: CALL SP_PerfilModificar('1','ADMINISTRADOR','Tiene acceso a todos los modulos del sistema.')
19/04/2021 15:27:09 DEBUG [AWT-EventQueue-0] (Conexion.java:223) â EjecutarABM: CALL SP_PerfilModuloAlta('1','11')
19/04/2021 15:27:09 DEBUG [AWT-EventQueue-0] (Conexion.java:223) â EjecutarABM: CALL SP_PerfilModuloAlta('1','12')
19/04/2021 15:28:53 DEBUG [AWT-EventQueue-0] (Conexion.java:223) â EjecutarABM: CALL SP_UsuarioRolAlta ('1','45')
19/04/2021 15:28:53 DEBUG [AWT-EventQueue-0] (Conexion.java:223) â EjecutarABM: CALL SP_UsuarioRolAlta ('1','44')
19/04/2021 15:28:55 DEBUG [AWT-EventQueue-0] (Conexion.java:223) â EjecutarABM: CALL SP_UsuarioRolAlta ('1','43')
19/04/2021 15:29:02 DEBUG [AWT-EventQueue-0] (Conexion.java:223) â EjecutarABM: CALL SP_UsuarioRolAlta ('1','48')
19/04/2021 15:29:02 DEBUG [AWT-EventQueue-0] (Conexion.java:223) â EjecutarABM: CALL SP_UsuarioRolAlta ('1','46')
19/04/2021 15:29:02 DEBUG [AWT-EventQueue-0] (Conexion.java:223) â EjecutarABM: CALL SP_UsuarioRolAlta ('1','47')
19/04/2021 18:58:42 DEBUG [AWT-EventQueue-0] (Conexion.java:223) â EjecutarABM: CALL SP_ClienteAlta ('1542467-7','Alejandro','Cantero Barrios','Minga guazú, km 14 monday','0973502047','alejandro_karanday@hotmail.com','')
07/07/2021 19:11:47 DEBUG [AWT-EventQueue-0] (Conexion.java:223) â EjecutarABM: CALL SP_ProductoAlta ('021541211215415','FRUGOS 1L.','2','0','1','')
07/07/2021 19:18:52 DEBUG [AWT-EventQueue-0] (Conexion.java:223) â EjecutarABM: CALL SP_CompraAlta('00000003','2021-07-07 19:18:52','4','','1','GUARANIES','390000.6','1','')
07/07/2021 19:18:52 DEBUG [AWT-EventQueue-0] (Conexion.java:223) â EjecutarABM: CALL SP_CompraDetalleAlta('15','3','180','2166.67',null)
07/07/2021 19:21:24 DEBUG [AWT-EventQueue-0] (Conexion.java:223) â EjecutarABM: CALL SP_ProductoAlta ('585458452','BUDWEISSER 66 FINO 310ML','1','0','1','')
07/07/2021 19:45:23 DEBUG [AWT-EventQueue-0] (Conexion.java:223) â EjecutarABM: CALL SP_VentaAlta('00000001','2021-07-07 19:45:22','1','12','0','','Guaranies','500000.0','485000.0','1','','NO','0.0')
07/07/2021 19:45:23 DEBUG [AWT-EventQueue-0] (Conexion.java:223) â EjecutarABM: CALL SP_VentaDetalleAlta('16','3','97','2166.67','0.0','485000.0')
07/07/2021 19:48:24 DEBUG [AWT-EventQueue-0] (Conexion.java:223) â EjecutarABM: CALL SP_VentaAlta('00000002','2021-07-07 19:48:23','1','12','0','','Guaranies','50000.0','25000.0','1','','NO','0.0')
07/07/2021 19:48:24 DEBUG [AWT-EventQueue-0] (Conexion.java:223) â EjecutarABM: CALL SP_VentaDetalleAlta('17','3','5','2166.67','0.0','25000.0')
09/07/2021 15:18:13 ERROR [AWT-EventQueue-0] (Conexion.java:98) â Error 1089: java.sql.SQLNonTransientConnectionException: Public Key Retrieval is not allowed
09/07/2021 15:18:14 ERROR [AWT-EventQueue-0] (Conexion.java:202) â Error 1026: java.lang.NullPointerException
09/07/2021 15:18:14 ERROR [AWT-EventQueue-0] (Login.java:60) â Error 1072: java.lang.NullPointerException
09/07/2021 15:18:15 ERROR [AWT-EventQueue-0] (Conexion.java:98) â Error 1089: java.sql.SQLNonTransientConnectionException: Public Key Retrieval is not allowed
09/07/2021 15:18:15 ERROR [AWT-EventQueue-0] (Conexion.java:202) â Error 1026: java.lang.NullPointerException
09/07/2021 15:18:16 ERROR [AWT-EventQueue-0] (Login.java:60) â Error 1072: java.lang.NullPointerException
09/07/2021 15:18:16 ERROR [AWT-EventQueue-0] (Conexion.java:98) â Error 1089: java.sql.SQLNonTransientConnectionException: Public Key Retrieval is not allowed
09/07/2021 15:18:16 ERROR [AWT-EventQueue-0] (Conexion.java:202) â Error 1026: java.lang.NullPointerException
09/07/2021 15:18:16 ERROR [AWT-EventQueue-0] (Login.java:60) â Error 1072: java.lang.NullPointerException
09/07/2021 15:18:17 ERROR [AWT-EventQueue-0] (Conexion.java:98) â Error 1089: java.sql.SQLNonTransientConnectionException: Public Key Retrieval is not allowed
09/07/2021 15:18:17 ERROR [AWT-EventQueue-0] (Conexion.java:202) â Error 1026: java.lang.NullPointerException
09/07/2021 15:18:17 ERROR [AWT-EventQueue-0] (Login.java:60) â Error 1072: java.lang.NullPointerException
09/07/2021 15:18:17 ERROR [AWT-EventQueue-0] (Conexion.java:98) â Error 1089: java.sql.SQLNonTransientConnectionException: Public Key Retrieval is not allowed
09/07/2021 15:18:18 ERROR [AWT-EventQueue-0] (Conexion.java:202) â Error 1026: java.lang.NullPointerException
09/07/2021 15:18:18 ERROR [AWT-EventQueue-0] (Login.java:60) â Error 1072: java.lang.NullPointerException
09/07/2021 15:18:18 ERROR [AWT-EventQueue-0] (Conexion.java:98) â Error 1089: java.sql.SQLNonTransientConnectionException: Public Key Retrieval is not allowed
09/07/2021 15:18:19 ERROR [AWT-EventQueue-0] (Conexion.java:202) â Error 1026: java.lang.NullPointerException
09/07/2021 15:18:19 ERROR [AWT-EventQueue-0] (Login.java:60) â Error 1072: java.lang.NullPointerException
09/07/2021 15:18:19 ERROR [AWT-EventQueue-0] (Conexion.java:98) â Error 1089: java.sql.SQLNonTransientConnectionException: Public Key Retrieval is not allowed
09/07/2021 15:18:19 ERROR [AWT-EventQueue-0] (Conexion.java:202) â Error 1026: java.lang.NullPointerException
09/07/2021 15:18:19 ERROR [AWT-EventQueue-0] (Login.java:60) â Error 1072: java.lang.NullPointerException
09/07/2021 15:18:19 ERROR [AWT-EventQueue-0] (Conexion.java:98) â Error 1089: java.sql.SQLNonTransientConnectionException: Public Key Retrieval is not allowed
09/07/2021 15:18:19 ERROR [AWT-EventQueue-0] (Conexion.java:202) â Error 1026: java.lang.NullPointerException
09/07/2021 15:18:20 ERROR [AWT-EventQueue-0] (Login.java:60) â Error 1072: java.lang.NullPointerException
09/07/2021 15:18:20 ERROR [AWT-EventQueue-0] (Conexion.java:98) â Error 1089: java.sql.SQLNonTransientConnectionException: Public Key Retrieval is not allowed
09/07/2021 15:18:20 ERROR [AWT-EventQueue-0] (Conexion.java:202) â Error 1026: java.lang.NullPointerException
09/07/2021 15:18:20 ERROR [AWT-EventQueue-0] (Login.java:60) â Error 1072: java.lang.NullPointerException
09/07/2021 15:18:20 ERROR [AWT-EventQueue-0] (Conexion.java:98) â Error 1089: java.sql.SQLNonTransientConnectionException: Public Key Retrieval is not allowed
09/07/2021 15:18:22 ERROR [AWT-EventQueue-0] (Conexion.java:202) â Error 1026: java.lang.NullPointerException
09/07/2021 15:18:23 ERROR [AWT-EventQueue-0] (Login.java:60) â Error 1072: java.lang.NullPointerException
09/07/2021 19:11:36 ERROR [AWT-EventQueue-0] (Conexion.java:98) â Error 1089: java.sql.SQLNonTransientConnectionException: Public Key Retrieval is not allowed
09/07/2021 19:11:38 ERROR [AWT-EventQueue-0] (Conexion.java:202) â Error 1026: java.lang.NullPointerException
09/07/2021 19:11:38 ERROR [AWT-EventQueue-0] (Login.java:60) â Error 1072: java.lang.NullPointerException
09/07/2021 20:00:31 ERROR [AWT-EventQueue-0] (Conexion.java:98) â Error 1089: java.sql.SQLNonTransientConnectionException: Public Key Retrieval is not allowed
09/07/2021 20:00:33 ERROR [AWT-EventQueue-0] (Conexion.java:202) â Error 1026: java.lang.NullPointerException
09/07/2021 20:00:33 ERROR [AWT-EventQueue-0] (Login.java:60) â Error 1072: java.lang.NullPointerException
09/07/2021 20:02:32 ERROR [AWT-EventQueue-0] (Conexion.java:99) â Error 1089: java.sql.SQLException: Access denied for user 'root'@'Arnaldo-PC' (using password: YES)
09/07/2021 20:02:34 ERROR [AWT-EventQueue-0] (Conexion.java:203) â Error 1026: java.lang.NullPointerException
09/07/2021 20:02:35 ERROR [AWT-EventQueue-0] (Login.java:60) â Error 1072: java.lang.NullPointerException
09/07/2021 20:02:35 ERROR [AWT-EventQueue-0] (Conexion.java:99) â Error 1089: java.sql.SQLException: Access denied for user 'root'@'Arnaldo-PC' (using password: YES)
09/07/2021 20:02:36 ERROR [AWT-EventQueue-0] (Conexion.java:203) â Error 1026: java.lang.NullPointerException
09/07/2021 20:02:36 ERROR [AWT-EventQueue-0] (Login.java:60) â Error 1072: java.lang.NullPointerException
09/07/2021 20:02:36 ERROR [AWT-EventQueue-0] (Conexion.java:99) â Error 1089: java.sql.SQLException: Access denied for user 'root'@'Arnaldo-PC' (using password: YES)
09/07/2021 20:02:37 ERROR [AWT-EventQueue-0] (Conexion.java:203) â Error 1026: java.lang.NullPointerException
09/07/2021 20:02:37 ERROR [AWT-EventQueue-0] (Login.java:60) â Error 1072: java.lang.NullPointerException
23/07/2021 16:14:21 ERROR [AWT-EventQueue-0] (Conexion.java:99) â Error 1089: java.sql.SQLException: Access denied for user 'supervisor'@'Arnaldo-PC' (using password: YES)
23/07/2021 16:14:22 ERROR [AWT-EventQueue-0] (Conexion.java:203) â Error 1026: java.lang.NullPointerException
23/07/2021 16:14:23 ERROR [AWT-EventQueue-0] (Login.java:60) â Error 1072: java.lang.NullPointerException
23/07/2021 16:14:23 ERROR [AWT-EventQueue-0] (Conexion.java:99) â Error 1089: java.sql.SQLException: Access denied for user 'supervisor'@'Arnaldo-PC' (using password: YES)
23/07/2021 16:14:24 ERROR [AWT-EventQueue-0] (Conexion.java:203) â Error 1026: java.lang.NullPointerException
23/07/2021 16:14:25 ERROR [AWT-EventQueue-0] (Login.java:60) â Error 1072: java.lang.NullPointerException
23/07/2021 16:14:32 ERROR [AWT-EventQueue-0] (Conexion.java:99) â Error 1089: java.sql.SQLException: Access denied for user 'supervisor'@'Arnaldo-PC' (using password: YES)
23/07/2021 16:14:33 ERROR [AWT-EventQueue-0] (Conexion.java:203) â Error 1026: java.lang.NullPointerException
23/07/2021 16:14:34 ERROR [AWT-EventQueue-0] (Login.java:60) â Error 1072: java.lang.NullPointerException
23/07/2021 16:14:38 ERROR [AWT-EventQueue-0] (Conexion.java:99) â Error 1089: java.sql.SQLException: Access denied for user 'supervisor'@'Arnaldo-PC' (using password: YES)
23/07/2021 16:14:39 ERROR [AWT-EventQueue-0] (Conexion.java:203) â Error 1026: java.lang.NullPointerException
23/07/2021 16:14:39 ERROR [AWT-EventQueue-0] (Login.java:60) â Error 1072: java.lang.NullPointerException
23/07/2021 16:25:44 DEBUG [AWT-EventQueue-0] (Conexion.java:224) â EjecutarABM: CALL SP_ProductoAlta ('888','DUFF','1','0','1','')
23/07/2021 16:34:28 DEBUG [AWT-EventQueue-0] (Conexion.java:224) â EjecutarABM: CALL SP_ProductoAlta ('999','BRAHMA SUBZERO','1','0','1','')
23/07/2021 16:36:55 DEBUG [AWT-EventQueue-0] (Conexion.java:224) â EjecutarABM: CALL SP_CompraAlta('00000001','2021-07-23 16:36:55','1','','1','GUARANIES','1279210.0','1','')
23/07/2021 16:36:55 DEBUG [AWT-EventQueue-0] (Conexion.java:224) â EjecutarABM: CALL SP_CompraDetalleAlta('16','8','79','5500.0',null)
23/07/2021 16:36:55 DEBUG [AWT-EventQueue-0] (Conexion.java:224) â EjecutarABM: CALL SP_CompraDetalleAlta('16','1','101','3791.0',null)
23/07/2021 16:36:55 DEBUG [AWT-EventQueue-0] (Conexion.java:224) â EjecutarABM: CALL SP_CompraDetalleAlta('16','3','137','2533.0',null)
23/07/2021 16:36:55 DEBUG [AWT-EventQueue-0] (Conexion.java:224) â EjecutarABM: CALL SP_CompraDetalleAlta('16','4','53','2166.0',null)
23/07/2021 20:41:02 DEBUG [AWT-EventQueue-0] (Conexion.java:224) â EjecutarABM: CALL SP_ProductoModificar('9','3253322','BRAHMA SUBZERO 269 ML','1','0','1','')
23/07/2021 20:41:54 DEBUG [AWT-EventQueue-0] (Conexion.java:224) â EjecutarABM: CALL SP_ProductoModificar('9','3253322','BRAHMA SUBZERO 269 ML','1','0','1','')
23/07/2021 20:46:47 DEBUG [AWT-EventQueue-0] (Conexion.java:224) â EjecutarABM: CALL SP_ProductoModificar('7','585458452','BUDWEISSER 66 FINO 310ML','1','0','1','')
23/07/2021 21:04:08 DEBUG [AWT-EventQueue-0] (Conexion.java:224) â EjecutarABM: CALL SP_ProductoAlta ('5345345','KING 2L','3','0','1','')
23/07/2021 21:05:52 DEBUG [AWT-EventQueue-0] (Conexion.java:224) â EjecutarABM: CALL SP_ProductoAlta ('33352532','COCA Cola 250ml','2','0','1','')
23/07/2021 21:06:03 DEBUG [AWT-EventQueue-0] (Conexion.java:224) â EjecutarABM: CALL SP_ProductoModificar('11','33352532','COCA COLA 250ML','2','0','1','')
23/07/2021 21:11:22 DEBUG [AWT-EventQueue-0] (Conexion.java:224) â EjecutarABM: CALL SP_ProductoAlta ('423432434','SPRITE 250ML','2','0','1','')
23/07/2021 21:12:19 DEBUG [AWT-EventQueue-0] (Conexion.java:224) â EjecutarABM: CALL SP_ProductoAlta ('3523543645','FANTA 250ML','2','0','1','')
23/07/2021 21:12:50 DEBUG [AWT-EventQueue-0] (Conexion.java:224) â EjecutarABM: CALL SP_CompraAlta('00000002','2021-07-23 21:12:50','1','','1','GUARANIES','55146.0','1','Primer registro de stock (2)')
23/07/2021 21:12:50 DEBUG [AWT-EventQueue-0] (Conexion.java:224) â EjecutarABM: CALL SP_CompraDetalleAlta('17','10','6','2162.0',null)
23/07/2021 21:12:50 DEBUG [AWT-EventQueue-0] (Conexion.java:224) â EjecutarABM: CALL SP_CompraDetalleAlta('17','11','6','1917.0',null)
23/07/2021 21:12:50 DEBUG [AWT-EventQueue-0] (Conexion.java:224) â EjecutarABM: CALL SP_CompraDetalleAlta('17','12','8','1917.0',null)
23/07/2021 21:12:50 DEBUG [AWT-EventQueue-0] (Conexion.java:224) â EjecutarABM: CALL SP_CompraDetalleAlta('17','13','8','1917.0',null)
24/07/2021 09:30:19 DEBUG [AWT-EventQueue-0] (Conexion.java:224) â EjecutarABM: CALL SP_ProductoModificar('5','54521515','BURGUESA 269ML','1','2','I','')
24/07/2021 09:32:29 DEBUG [AWT-EventQueue-0] (Conexion.java:224) â EjecutarABM: CALL SP_ProductoModificar('4','54422416','ITAIPAVA 269ML','3','53','I','')
24/07/2021 09:32:43 DEBUG [AWT-EventQueue-0] (Conexion.java:224) â EjecutarABM: CALL SP_ProductoModificar('4','54422416','ITAIPAVA 269ML','1','53','A','')
24/07/2021 09:32:50 DEBUG [AWT-EventQueue-0] (Conexion.java:224) â EjecutarABM: CALL SP_ProductoModificar('5','54521515','BURGUESA 269ML','1','2','A','')
24/07/2021 09:33:28 DEBUG [AWT-EventQueue-0] (Conexion.java:224) â EjecutarABM: CALL SP_ProductoAlta ('4324324','teste','3','0','A','teste')
24/07/2021 09:33:48 DEBUG [AWT-EventQueue-0] (Conexion.java:224) â EjecutarABM: CALL SP_ProductoEliminar(29)
24/07/2021 17:49:59 DEBUG [AWT-EventQueue-0] (Conexion.java:224) â EjecutarABM: CALL SP_ProductoModificar('6','021541211215415','FRUGOS DEL VALLE 1L','2','5','A','')
